[2025-04-20 16:50:36] local.ERROR: The provided cwd "C:\Users\LENOVO\OneDrive\Desktop\laravel\new_app\Expense-Tracker-main\expt_lvl\public" does not exist. {"exception":"[object] (Symfony\\Component\\Process\\Exception\\RuntimeException(code: 0): The provided cwd \"C:\\Users\\LENOVO\\OneDrive\\Desktop\\laravel\\new_app\\Expense-Tracker-main\\expt_lvl\\public\" does not exist. at C:\\Users\\LENOVO\\OneDrive\\Desktop\\laravel\\new_app\\Expense-Tracker-main\\expt_lvl\\vendor\\symfony\\process\\Process.php:346)
[stacktrace]
#0 C:\\Users\\LENOVO\\OneDrive\\Desktop\\laravel\\new_app\\Expense-Tracker-main\\expt_lvl\\vendor\\laravel\\framework\\src\\Illuminate\\Foundation\\Console\\ServeCommand.php(143): Symfony\\Component\\Process\\Process->start(Object(Closure))
#1 C:\\Users\\LENOVO\\OneDrive\\Desktop\\laravel\\new_app\\Expense-Tracker-main\\expt_lvl\\vendor\\laravel\\framework\\src\\Illuminate\\Foundation\\Console\\ServeCommand.php(90): Illuminate\\Foundation\\Console\\ServeCommand->startProcess(true)
#2 C:\\Users\\LENOVO\\OneDrive\\Desktop\\laravel\\new_app\\Expense-Tracker-main\\expt_lvl\\vendor\\laravel\\framework\\src\\Illuminate\\Container\\BoundMethod.php(36): Illuminate\\Foundation\\Console\\ServeCommand->handle()
#3 C:\\Users\\LENOVO\\OneDrive\\Desktop\\laravel\\new_app\\Expense-Tracker-main\\expt_lvl\\vendor\\laravel\\framework\\src\\Illuminate\\Container\\Util.php(41): Illuminate\\Container\\BoundMethod::Illuminate\\Container\\{closure}()
#4 C:\\Users\\LENOVO\\OneDrive\\Desktop\\laravel\\new_app\\Expense-Tracker-main\\expt_lvl\\vendor\\laravel\\framework\\src\\Illuminate\\Container\\BoundMethod.php(93): Illuminate\\Container\\Util::unwrapIfClosure(Object(Closure))
#5 C:\\Users\\LENOVO\\OneDrive\\Desktop\\laravel\\new_app\\Expense-Tracker-main\\expt_lvl\\vendor\\laravel\\framework\\src\\Illuminate\\Container\\BoundMethod.php(35): Illuminate\\Container\\BoundMethod::callBoundMethod(Object(Illuminate\\Foundation\\Application), Array, Object(Closure))
#6 C:\\Users\\LENOVO\\OneDrive\\Desktop\\laravel\\new_app\\Expense-Tracker-main\\expt_lvl\\vendor\\laravel\\framework\\src\\Illuminate\\Container\\Container.php(662): Illuminate\\Container\\BoundMethod::call(Object(Illuminate\\Foundation\\Application), Array, Array, NULL)
#7 C:\\Users\\LENOVO\\OneDrive\\Desktop\\laravel\\new_app\\Expense-Tracker-main\\expt_lvl\\vendor\\laravel\\framework\\src\\Illuminate\\Console\\Command.php(208): Illuminate\\Container\\Container->call(Array)
#8 C:\\Users\\LENOVO\\OneDrive\\Desktop\\laravel\\new_app\\Expense-Tracker-main\\expt_lvl\\vendor\\symfony\\console\\Command\\Command.php(326): Illuminate\\Console\\Command->execute(Object(Symfony\\Component\\Console\\Input\\ArgvInput), Object(Illuminate\\Console\\OutputStyle))
#9 C:\\Users\\LENOVO\\OneDrive\\Desktop\\laravel\\new_app\\Expense-Tracker-main\\expt_lvl\\vendor\\laravel\\framework\\src\\Illuminate\\Console\\Command.php(177): Symfony\\Component\\Console\\Command\\Command->run(Object(Symfony\\Component\\Console\\Input\\ArgvInput), Object(Illuminate\\Console\\OutputStyle))
#10 C:\\Users\\LENOVO\\OneDrive\\Desktop\\laravel\\new_app\\Expense-Tracker-main\\expt_lvl\\vendor\\symfony\\console\\Application.php(1081): Illuminate\\Console\\Command->run(Object(Symfony\\Component\\Console\\Input\\ArgvInput), Object(Symfony\\Component\\Console\\Output\\ConsoleOutput))
#11 C:\\Users\\LENOVO\\OneDrive\\Desktop\\laravel\\new_app\\Expense-Tracker-main\\expt_lvl\\vendor\\symfony\\console\\Application.php(320): Symfony\\Component\\Console\\Application->doRunCommand(Object(Illuminate\\Foundation\\Console\\ServeCommand), Object(Symfony\\Component\\Console\\Input\\ArgvInput), Object(Symfony\\Component\\Console\\Output\\ConsoleOutput))
#12 C:\\Users\\LENOVO\\OneDrive\\Desktop\\laravel\\new_app\\Expense-Tracker-main\\expt_lvl\\vendor\\symfony\\console\\Application.php(174): Symfony\\Component\\Console\\Application->doRun(Object(Symfony\\Component\\Console\\Input\\ArgvInput), Object(Symfony\\Component\\Console\\Output\\ConsoleOutput))
#13 C:\\Users\\LENOVO\\OneDrive\\Desktop\\laravel\\new_app\\Expense-Tracker-main\\expt_lvl\\vendor\\laravel\\framework\\src\\Illuminate\\Foundation\\Console\\Kernel.php(200): Symfony\\Component\\Console\\Application->run(Object(Symfony\\Component\\Console\\Input\\ArgvInput), Object(Symfony\\Component\\Console\\Output\\ConsoleOutput))
#14 C:\\Users\\LENOVO\\OneDrive\\Desktop\\laravel\\new_app\\Expense-Tracker-main\\expt_lvl\\artisan(35): Illuminate\\Foundation\\Console\\Kernel->handle(Object(Symfony\\Component\\Console\\Input\\ArgvInput), Object(Symfony\\Component\\Console\\Output\\ConsoleOutput))
#15 {main}
"} 
[2025-04-20 16:58:46] local.ERROR: The provided cwd "C:\Users\LENOVO\OneDrive\Desktop\laravel\new_app\Expense-Tracker-main\expt_lvl\public" does not exist. {"exception":"[object] (Symfony\\Component\\Process\\Exception\\RuntimeException(code: 0): The provided cwd \"C:\\Users\\LENOVO\\OneDrive\\Desktop\\laravel\\new_app\\Expense-Tracker-main\\expt_lvl\\public\" does not exist. at C:\\Users\\LENOVO\\OneDrive\\Desktop\\laravel\\new_app\\Expense-Tracker-main\\expt_lvl\\vendor\\symfony\\process\\Process.php:346)
[stacktrace]
#0 C:\\Users\\LENOVO\\OneDrive\\Desktop\\laravel\\new_app\\Expense-Tracker-main\\expt_lvl\\vendor\\laravel\\framework\\src\\Illuminate\\Foundation\\Console\\ServeCommand.php(143): Symfony\\Component\\Process\\Process->start(Object(Closure))
#1 C:\\Users\\LENOVO\\OneDrive\\Desktop\\laravel\\new_app\\Expense-Tracker-main\\expt_lvl\\vendor\\laravel\\framework\\src\\Illuminate\\Foundation\\Console\\ServeCommand.php(90): Illuminate\\Foundation\\Console\\ServeCommand->startProcess(true)
#2 C:\\Users\\LENOVO\\OneDrive\\Desktop\\laravel\\new_app\\Expense-Tracker-main\\expt_lvl\\vendor\\laravel\\framework\\src\\Illuminate\\Container\\BoundMethod.php(36): Illuminate\\Foundation\\Console\\ServeCommand->handle()
#3 C:\\Users\\LENOVO\\OneDrive\\Desktop\\laravel\\new_app\\Expense-Tracker-main\\expt_lvl\\vendor\\laravel\\framework\\src\\Illuminate\\Container\\Util.php(41): Illuminate\\Container\\BoundMethod::Illuminate\\Container\\{closure}()
#4 C:\\Users\\LENOVO\\OneDrive\\Desktop\\laravel\\new_app\\Expense-Tracker-main\\expt_lvl\\vendor\\laravel\\framework\\src\\Illuminate\\Container\\BoundMethod.php(93): Illuminate\\Container\\Util::unwrapIfClosure(Object(Closure))
#5 C:\\Users\\LENOVO\\OneDrive\\Desktop\\laravel\\new_app\\Expense-Tracker-main\\expt_lvl\\vendor\\laravel\\framework\\src\\Illuminate\\Container\\BoundMethod.php(35): Illuminate\\Container\\BoundMethod::callBoundMethod(Object(Illuminate\\Foundation\\Application), Array, Object(Closure))
#6 C:\\Users\\LENOVO\\OneDrive\\Desktop\\laravel\\new_app\\Expense-Tracker-main\\expt_lvl\\vendor\\laravel\\framework\\src\\Illuminate\\Container\\Container.php(662): Illuminate\\Container\\BoundMethod::call(Object(Illuminate\\Foundation\\Application), Array, Array, NULL)
#7 C:\\Users\\LENOVO\\OneDrive\\Desktop\\laravel\\new_app\\Expense-Tracker-main\\expt_lvl\\vendor\\laravel\\framework\\src\\Illuminate\\Console\\Command.php(208): Illuminate\\Container\\Container->call(Array)
#8 C:\\Users\\LENOVO\\OneDrive\\Desktop\\laravel\\new_app\\Expense-Tracker-main\\expt_lvl\\vendor\\symfony\\console\\Command\\Command.php(326): Illuminate\\Console\\Command->execute(Object(Symfony\\Component\\Console\\Input\\ArgvInput), Object(Illuminate\\Console\\OutputStyle))
#9 C:\\Users\\LENOVO\\OneDrive\\Desktop\\laravel\\new_app\\Expense-Tracker-main\\expt_lvl\\vendor\\laravel\\framework\\src\\Illuminate\\Console\\Command.php(177): Symfony\\Component\\Console\\Command\\Command->run(Object(Symfony\\Component\\Console\\Input\\ArgvInput), Object(Illuminate\\Console\\OutputStyle))
#10 C:\\Users\\LENOVO\\OneDrive\\Desktop\\laravel\\new_app\\Expense-Tracker-main\\expt_lvl\\vendor\\symfony\\console\\Application.php(1081): Illuminate\\Console\\Command->run(Object(Symfony\\Component\\Console\\Input\\ArgvInput), Object(Symfony\\Component\\Console\\Output\\ConsoleOutput))
#11 C:\\Users\\LENOVO\\OneDrive\\Desktop\\laravel\\new_app\\Expense-Tracker-main\\expt_lvl\\vendor\\symfony\\console\\Application.php(320): Symfony\\Component\\Console\\Application->doRunCommand(Object(Illuminate\\Foundation\\Console\\ServeCommand), Object(Symfony\\Component\\Console\\Input\\ArgvInput), Object(Symfony\\Component\\Console\\Output\\ConsoleOutput))
#12 C:\\Users\\LENOVO\\OneDrive\\Desktop\\laravel\\new_app\\Expense-Tracker-main\\expt_lvl\\vendor\\symfony\\console\\Application.php(174): Symfony\\Component\\Console\\Application->doRun(Object(Symfony\\Component\\Console\\Input\\ArgvInput), Object(Symfony\\Component\\Console\\Output\\ConsoleOutput))
#13 C:\\Users\\LENOVO\\OneDrive\\Desktop\\laravel\\new_app\\Expense-Tracker-main\\expt_lvl\\vendor\\laravel\\framework\\src\\Illuminate\\Foundation\\Console\\Kernel.php(200): Symfony\\Component\\Console\\Application->run(Object(Symfony\\Component\\Console\\Input\\ArgvInput), Object(Symfony\\Component\\Console\\Output\\ConsoleOutput))
#14 C:\\Users\\LENOVO\\OneDrive\\Desktop\\laravel\\new_app\\Expense-Tracker-main\\expt_lvl\\artisan(35): Illuminate\\Foundation\\Console\\Kernel->handle(Object(Symfony\\Component\\Console\\Input\\ArgvInput), Object(Symfony\\Component\\Console\\Output\\ConsoleOutput))
#15 {main}
"} 
[2025-04-21 08:49:19] local.ERROR: SQLSTATE[HY000] [2002] No connection could be made because the target machine actively refused it (Connection: mysql, SQL: select `id`, `user_name`, `user_email`, `user_role`, `user_password` from `expt_user` where `user_email` = iamankit335@gmail.com and `active` = 1 limit 1) {"exception":"[object] (Illuminate\\Database\\QueryException(code: 2002): SQLSTATE[HY000] [2002] No connection could be made because the target machine actively refused it (Connection: mysql, SQL: select `id`, `user_name`, `user_email`, `user_role`, `user_password` from `expt_user` where `user_email` = iamankit335@gmail.com and `active` = 1 limit 1) at C:\\Users\\LENOVO\\OneDrive\\Desktop\\laravel\\new_app\\Expense-Tracker-main\\expt_lvl\\vendor\\laravel\\framework\\src\\Illuminate\\Database\\Connection.php:795)
[stacktrace]
#0 C:\\Users\\LENOVO\\OneDrive\\Desktop\\laravel\\new_app\\Expense-Tracker-main\\expt_lvl\\vendor\\laravel\\framework\\src\\Illuminate\\Database\\Connection.php(755): Illuminate\\Database\\Connection->runQueryCallback('select `id`, `u...', Array, Object(Closure))
#1 C:\\Users\\LENOVO\\OneDrive\\Desktop\\laravel\\new_app\\Expense-Tracker-main\\expt_lvl\\vendor\\laravel\\framework\\src\\Illuminate\\Database\\Connection.php(407): Illuminate\\Database\\Connection->run('select `id`, `u...', Array, Object(Closure))
#2 C:\\Users\\LENOVO\\OneDrive\\Desktop\\laravel\\new_app\\Expense-Tracker-main\\expt_lvl\\vendor\\laravel\\framework\\src\\Illuminate\\Database\\Query\\Builder.php(2735): Illuminate\\Database\\Connection->select('select `id`, `u...', Array, true)
#3 C:\\Users\\LENOVO\\OneDrive\\Desktop\\laravel\\new_app\\Expense-Tracker-main\\expt_lvl\\vendor\\laravel\\framework\\src\\Illuminate\\Database\\Query\\Builder.php(2724): Illuminate\\Database\\Query\\Builder->runSelect()
#4 C:\\Users\\LENOVO\\OneDrive\\Desktop\\laravel\\new_app\\Expense-Tracker-main\\expt_lvl\\vendor\\laravel\\framework\\src\\Illuminate\\Database\\Query\\Builder.php(3278): Illuminate\\Database\\Query\\Builder->Illuminate\\Database\\Query\\{closure}()
#5 C:\\Users\\LENOVO\\OneDrive\\Desktop\\laravel\\new_app\\Expense-Tracker-main\\expt_lvl\\vendor\\laravel\\framework\\src\\Illuminate\\Database\\Query\\Builder.php(2723): Illuminate\\Database\\Query\\Builder->onceWithColumns(Array, Object(Closure))
#6 C:\\Users\\LENOVO\\OneDrive\\Desktop\\laravel\\new_app\\Expense-Tracker-main\\expt_lvl\\vendor\\laravel\\framework\\src\\Illuminate\\Database\\Eloquent\\Builder.php(717): Illuminate\\Database\\Query\\Builder->get(Array)
#7 C:\\Users\\LENOVO\\OneDrive\\Desktop\\laravel\\new_app\\Expense-Tracker-main\\expt_lvl\\vendor\\laravel\\framework\\src\\Illuminate\\Database\\Eloquent\\Builder.php(701): Illuminate\\Database\\Eloquent\\Builder->getModels(Array)
#8 C:\\Users\\LENOVO\\OneDrive\\Desktop\\laravel\\new_app\\Expense-Tracker-main\\expt_lvl\\vendor\\laravel\\framework\\src\\Illuminate\\Database\\Concerns\\BuildsQueries.php(296): Illuminate\\Database\\Eloquent\\Builder->get(Array)
#9 C:\\Users\\LENOVO\\OneDrive\\Desktop\\laravel\\new_app\\Expense-Tracker-main\\expt_lvl\\app\\Http\\Controllers\\LoginController.php(73): Illuminate\\Database\\Eloquent\\Builder->first()
#10 C:\\Users\\LENOVO\\OneDrive\\Desktop\\laravel\\new_app\\Expense-Tracker-main\\expt_lvl\\app\\Http\\Controllers\\LoginController.php(52): App\\Http\\Controllers\\LoginController->sendRegister(Object(Illuminate\\Http\\Request))
#11 C:\\Users\\LENOVO\\OneDrive\\Desktop\\laravel\\new_app\\Expense-Tracker-main\\expt_lvl\\vendor\\laravel\\framework\\src\\Illuminate\\Routing\\Controller.php(54): App\\Http\\Controllers\\LoginController->loginProcess(Object(Illuminate\\Http\\Request))
#12 C:\\Users\\LENOVO\\OneDrive\\Desktop\\laravel\\new_app\\Expense-Tracker-main\\expt_lvl\\vendor\\laravel\\framework\\src\\Illuminate\\Routing\\ControllerDispatcher.php(43): Illuminate\\Routing\\Controller->callAction('loginProcess', Array)
#13 C:\\Users\\LENOVO\\OneDrive\\Desktop\\laravel\\new_app\\Expense-Tracker-main\\expt_lvl\\vendor\\laravel\\framework\\src\\Illuminate\\Routing\\Route.php(259): Illuminate\\Routing\\ControllerDispatcher->dispatch(Object(Illuminate\\Routing\\Route), Object(App\\Http\\Controllers\\LoginController), 'loginProcess')
#14 C:\\Users\\LENOVO\\OneDrive\\Desktop\\laravel\\new_app\\Expense-Tracker-main\\expt_lvl\\vendor\\laravel\\framework\\src\\Illuminate\\Routing\\Route.php(205): Illuminate\\Routing\\Route->runController()
#15 C:\\Users\\LENOVO\\OneDrive\\Desktop\\laravel\\new_app\\Expense-Tracker-main\\expt_lvl\\vendor\\laravel\\framework\\src\\Illuminate\\Routing\\Router.php(799): Illuminate\\Routing\\Route->run()
#16 C:\\Users\\LENOVO\\OneDrive\\Desktop\\laravel\\new_app\\Expense-Tracker-main\\expt_lvl\\vendor\\laravel\\framework\\src\\Illuminate\\Pipeline\\Pipeline.php(141): Illuminate\\Routing\\Router->Illuminate\\Routing\\{closure}(Object(Illuminate\\Http\\Request))
#17 C:\\Users\\LENOVO\\OneDrive\\Desktop\\laravel\\new_app\\Expense-Tracker-main\\expt_lvl\\vendor\\laravel\\framework\\src\\Illuminate\\Routing\\Middleware\\SubstituteBindings.php(50): Illuminate\\Pipeline\\Pipeline->Illuminate\\Pipeline\\{closure}(Object(Illuminate\\Http\\Request))
#18 C:\\Users\\LENOVO\\OneDrive\\Desktop\\laravel\\new_app\\Expense-Tracker-main\\expt_lvl\\vendor\\laravel\\framework\\src\\Illuminate\\Pipeline\\Pipeline.php(180): Illuminate\\Routing\\Middleware\\SubstituteBindings->handle(Object(Illuminate\\Http\\Request), Object(Closure))
#19 C:\\Users\\LENOVO\\OneDrive\\Desktop\\laravel\\new_app\\Expense-Tracker-main\\expt_lvl\\vendor\\laravel\\framework\\src\\Illuminate\\Foundation\\Http\\Middleware\\VerifyCsrfToken.php(78): Illuminate\\Pipeline\\Pipeline->Illuminate\\Pipeline\\{closure}(Object(Illuminate\\Http\\Request))
#20 C:\\Users\\LENOVO\\OneDrive\\Desktop\\laravel\\new_app\\Expense-Tracker-main\\expt_lvl\\vendor\\laravel\\framework\\src\\Illuminate\\Pipeline\\Pipeline.php(180): Illuminate\\Foundation\\Http\\Middleware\\VerifyCsrfToken->handle(Object(Illuminate\\Http\\Request), Object(Closure))
#21 C:\\Users\\LENOVO\\OneDrive\\Desktop\\laravel\\new_app\\Expense-Tracker-main\\expt_lvl\\vendor\\laravel\\framework\\src\\Illuminate\\View\\Middleware\\ShareErrorsFromSession.php(49): Illuminate\\Pipeline\\Pipeline->Illuminate\\Pipeline\\{closure}(Object(Illuminate\\Http\\Request))
#22 C:\\Users\\LENOVO\\OneDrive\\Desktop\\laravel\\new_app\\Expense-Tracker-main\\expt_lvl\\vendor\\laravel\\framework\\src\\Illuminate\\Pipeline\\Pipeline.php(180): Illuminate\\View\\Middleware\\ShareErrorsFromSession->handle(Object(Illuminate\\Http\\Request), Object(Closure))
#23 C:\\Users\\LENOVO\\OneDrive\\Desktop\\laravel\\new_app\\Expense-Tracker-main\\expt_lvl\\vendor\\laravel\\framework\\src\\Illuminate\\Session\\Middleware\\StartSession.php(121): Illuminate\\Pipeline\\Pipeline->Illuminate\\Pipeline\\{closure}(Object(Illuminate\\Http\\Request))
#24 C:\\Users\\LENOVO\\OneDrive\\Desktop\\laravel\\new_app\\Expense-Tracker-main\\expt_lvl\\vendor\\laravel\\framework\\src\\Illuminate\\Session\\Middleware\\StartSession.php(64): Illuminate\\Session\\Middleware\\StartSession->handleStatefulRequest(Object(Illuminate\\Http\\Request), Object(Illuminate\\Session\\Store), Object(Closure))
#25 C:\\Users\\LENOVO\\OneDrive\\Desktop\\laravel\\new_app\\Expense-Tracker-main\\expt_lvl\\vendor\\laravel\\framework\\src\\Illuminate\\Pipeline\\Pipeline.php(180): Illuminate\\Session\\Middleware\\StartSession->handle(Object(Illuminate\\Http\\Request), Object(Closure))
#26 C:\\Users\\LENOVO\\OneDrive\\Desktop\\laravel\\new_app\\Expense-Tracker-main\\expt_lvl\\vendor\\laravel\\framework\\src\\Illuminate\\Cookie\\Middleware\\AddQueuedCookiesToResponse.php(37): Illuminate\\Pipeline\\Pipeline->Illuminate\\Pipeline\\{closure}(Object(Illuminate\\Http\\Request))
#27 C:\\Users\\LENOVO\\OneDrive\\Desktop\\laravel\\new_app\\Expense-Tracker-main\\expt_lvl\\vendor\\laravel\\framework\\src\\Illuminate\\Pipeline\\Pipeline.php(180): Illuminate\\Cookie\\Middleware\\AddQueuedCookiesToResponse->handle(Object(Illuminate\\Http\\Request), Object(Closure))
#28 C:\\Users\\LENOVO\\OneDrive\\Desktop\\laravel\\new_app\\Expense-Tracker-main\\expt_lvl\\vendor\\laravel\\framework\\src\\Illuminate\\Cookie\\Middleware\\EncryptCookies.php(67): Illuminate\\Pipeline\\Pipeline->Illuminate\\Pipeline\\{closure}(Object(Illuminate\\Http\\Request))
#29 C:\\Users\\LENOVO\\OneDrive\\Desktop\\laravel\\new_app\\Expense-Tracker-main\\expt_lvl\\vendor\\laravel\\framework\\src\\Illuminate\\Pipeline\\Pipeline.php(180): Illuminate\\Cookie\\Middleware\\EncryptCookies->handle(Object(Illuminate\\Http\\Request), Object(Closure))
#30 C:\\Users\\LENOVO\\OneDrive\\Desktop\\laravel\\new_app\\Expense-Tracker-main\\expt_lvl\\vendor\\laravel\\framework\\src\\Illuminate\\Pipeline\\Pipeline.php(116): Illuminate\\Pipeline\\Pipeline->Illuminate\\Pipeline\\{closure}(Object(Illuminate\\Http\\Request))
#31 C:\\Users\\LENOVO\\OneDrive\\Desktop\\laravel\\new_app\\Expense-Tracker-main\\expt_lvl\\vendor\\laravel\\framework\\src\\Illuminate\\Routing\\Router.php(798): Illuminate\\Pipeline\\Pipeline->then(Object(Closure))
#32 C:\\Users\\LENOVO\\OneDrive\\Desktop\\laravel\\new_app\\Expense-Tracker-main\\expt_lvl\\vendor\\laravel\\framework\\src\\Illuminate\\Routing\\Router.php(777): Illuminate\\Routing\\Router->runRouteWithinStack(Object(Illuminate\\Routing\\Route), Object(Illuminate\\Http\\Request))
#33 C:\\Users\\LENOVO\\OneDrive\\Desktop\\laravel\\new_app\\Expense-Tracker-main\\expt_lvl\\vendor\\laravel\\framework\\src\\Illuminate\\Routing\\Router.php(741): Illuminate\\Routing\\Router->runRoute(Object(Illuminate\\Http\\Request), Object(Illuminate\\Routing\\Route))
#34 C:\\Users\\LENOVO\\OneDrive\\Desktop\\laravel\\new_app\\Expense-Tracker-main\\expt_lvl\\vendor\\laravel\\framework\\src\\Illuminate\\Routing\\Router.php(730): Illuminate\\Routing\\Router->dispatchToRoute(Object(Illuminate\\Http\\Request))
#35 C:\\Users\\LENOVO\\OneDrive\\Desktop\\laravel\\new_app\\Expense-Tracker-main\\expt_lvl\\vendor\\laravel\\framework\\src\\Illuminate\\Foundation\\Http\\Kernel.php(200): Illuminate\\Routing\\Router->dispatch(Object(Illuminate\\Http\\Request))
#36 C:\\Users\\LENOVO\\OneDrive\\Desktop\\laravel\\new_app\\Expense-Tracker-main\\expt_lvl\\vendor\\laravel\\framework\\src\\Illuminate\\Pipeline\\Pipeline.php(141): Illuminate\\Foundation\\Http\\Kernel->Illuminate\\Foundation\\Http\\{closure}(Object(Illuminate\\Http\\Request))
#37 C:\\Users\\LENOVO\\OneDrive\\Desktop\\laravel\\new_app\\Expense-Tracker-main\\expt_lvl\\vendor\\laravel\\framework\\src\\Illuminate\\Foundation\\Http\\Middleware\\TransformsRequest.php(21): Illuminate\\Pipeline\\Pipeline->Illuminate\\Pipeline\\{closure}(Object(Illuminate\\Http\\Request))
#38 C:\\Users\\LENOVO\\OneDrive\\Desktop\\laravel\\new_app\\Expense-Tracker-main\\expt_lvl\\vendor\\laravel\\framework\\src\\Illuminate\\Foundation\\Http\\Middleware\\ConvertEmptyStringsToNull.php(31): Illuminate\\Foundation\\Http\\Middleware\\TransformsRequest->handle(Object(Illuminate\\Http\\Request), Object(Closure))
#39 C:\\Users\\LENOVO\\OneDrive\\Desktop\\laravel\\new_app\\Expense-Tracker-main\\expt_lvl\\vendor\\laravel\\framework\\src\\Illuminate\\Pipeline\\Pipeline.php(180): Illuminate\\Foundation\\Http\\Middleware\\ConvertEmptyStringsToNull->handle(Object(Illuminate\\Http\\Request), Object(Closure))
#40 C:\\Users\\LENOVO\\OneDrive\\Desktop\\laravel\\new_app\\Expense-Tracker-main\\expt_lvl\\vendor\\laravel\\framework\\src\\Illuminate\\Foundation\\Http\\Middleware\\TransformsRequest.php(21): Illuminate\\Pipeline\\Pipeline->Illuminate\\Pipeline\\{closure}(Object(Illuminate\\Http\\Request))
#41 C:\\Users\\LENOVO\\OneDrive\\Desktop\\laravel\\new_app\\Expense-Tracker-main\\expt_lvl\\vendor\\laravel\\framework\\src\\Illuminate\\Foundation\\Http\\Middleware\\TrimStrings.php(40): Illuminate\\Foundation\\Http\\Middleware\\TransformsRequest->handle(Object(Illuminate\\Http\\Request), Object(Closure))
#42 C:\\Users\\LENOVO\\OneDrive\\Desktop\\laravel\\new_app\\Expense-Tracker-main\\expt_lvl\\vendor\\laravel\\framework\\src\\Illuminate\\Pipeline\\Pipeline.php(180): Illuminate\\Foundation\\Http\\Middleware\\TrimStrings->handle(Object(Illuminate\\Http\\Request), Object(Closure))
#43 C:\\Users\\LENOVO\\OneDrive\\Desktop\\laravel\\new_app\\Expense-Tracker-main\\expt_lvl\\vendor\\laravel\\framework\\src\\Illuminate\\Foundation\\Http\\Middleware\\ValidatePostSize.php(27): Illuminate\\Pipeline\\Pipeline->Illuminate\\Pipeline\\{closure}(Object(Illuminate\\Http\\Request))
#44 C:\\Users\\LENOVO\\OneDrive\\Desktop\\laravel\\new_app\\Expense-Tracker-main\\expt_lvl\\vendor\\laravel\\framework\\src\\Illuminate\\Pipeline\\Pipeline.php(180): Illuminate\\Foundation\\Http\\Middleware\\ValidatePostSize->handle(Object(Illuminate\\Http\\Request), Object(Closure))
#45 C:\\Users\\LENOVO\\OneDrive\\Desktop\\laravel\\new_app\\Expense-Tracker-main\\expt_lvl\\vendor\\laravel\\framework\\src\\Illuminate\\Foundation\\Http\\Middleware\\PreventRequestsDuringMaintenance.php(86): Illuminate\\Pipeline\\Pipeline->Illuminate\\Pipeline\\{closure}(Object(Illuminate\\Http\\Request))
#46 C:\\Users\\LENOVO\\OneDrive\\Desktop\\laravel\\new_app\\Expense-Tracker-main\\expt_lvl\\vendor\\laravel\\framework\\src\\Illuminate\\Pipeline\\Pipeline.php(180): Illuminate\\Foundation\\Http\\Middleware\\PreventRequestsDuringMaintenance->handle(Object(Illuminate\\Http\\Request), Object(Closure))
#47 C:\\Users\\LENOVO\\OneDrive\\Desktop\\laravel\\new_app\\Expense-Tracker-main\\expt_lvl\\vendor\\laravel\\framework\\src\\Illuminate\\Http\\Middleware\\HandleCors.php(49): Illuminate\\Pipeline\\Pipeline->Illuminate\\Pipeline\\{closure}(Object(Illuminate\\Http\\Request))
#48 C:\\Users\\LENOVO\\OneDrive\\Desktop\\laravel\\new_app\\Expense-Tracker-main\\expt_lvl\\vendor\\laravel\\framework\\src\\Illuminate\\Pipeline\\Pipeline.php(180): Illuminate\\Http\\Middleware\\HandleCors->handle(Object(Illuminate\\Http\\Request), Object(Closure))
#49 C:\\Users\\LENOVO\\OneDrive\\Desktop\\laravel\\new_app\\Expense-Tracker-main\\expt_lvl\\vendor\\laravel\\framework\\src\\Illuminate\\Http\\Middleware\\TrustProxies.php(39): Illuminate\\Pipeline\\Pipeline->Illuminate\\Pipeline\\{closure}(Object(Illuminate\\Http\\Request))
#50 C:\\Users\\LENOVO\\OneDrive\\Desktop\\laravel\\new_app\\Expense-Tracker-main\\expt_lvl\\vendor\\laravel\\framework\\src\\Illuminate\\Pipeline\\Pipeline.php(180): Illuminate\\Http\\Middleware\\TrustProxies->handle(Object(Illuminate\\Http\\Request), Object(Closure))
#51 C:\\Users\\LENOVO\\OneDrive\\Desktop\\laravel\\new_app\\Expense-Tracker-main\\expt_lvl\\vendor\\laravel\\framework\\src\\Illuminate\\Pipeline\\Pipeline.php(116): Illuminate\\Pipeline\\Pipeline->Illuminate\\Pipeline\\{closure}(Object(Illuminate\\Http\\Request))
#52 C:\\Users\\LENOVO\\OneDrive\\Desktop\\laravel\\new_app\\Expense-Tracker-main\\expt_lvl\\vendor\\laravel\\framework\\src\\Illuminate\\Foundation\\Http\\Kernel.php(175): Illuminate\\Pipeline\\Pipeline->then(Object(Closure))
#53 C:\\Users\\LENOVO\\OneDrive\\Desktop\\laravel\\new_app\\Expense-Tracker-main\\expt_lvl\\vendor\\laravel\\framework\\src\\Illuminate\\Foundation\\Http\\Kernel.php(144): Illuminate\\Foundation\\Http\\Kernel->sendRequestThroughRouter(Object(Illuminate\\Http\\Request))
#54 C:\\Users\\LENOVO\\OneDrive\\Desktop\\laravel\\new_app\\Expense-Tracker-main\\expt_lvl\\public\\index.php(51): Illuminate\\Foundation\\Http\\Kernel->handle(Object(Illuminate\\Http\\Request))
#55 C:\\Users\\LENOVO\\OneDrive\\Desktop\\laravel\\new_app\\Expense-Tracker-main\\expt_lvl\\vendor\\laravel\\framework\\src\\Illuminate\\Foundation\\resources\\server.php(16): require_once('C:\\\\Users\\\\LENOVO...')
#56 {main}

[previous exception] [object] (PDOException(code: 2002): SQLSTATE[HY000] [2002] No connection could be made because the target machine actively refused it at C:\\Users\\LENOVO\\OneDrive\\Desktop\\laravel\\new_app\\Expense-Tracker-main\\expt_lvl\\vendor\\laravel\\framework\\src\\Illuminate\\Database\\Connectors\\Connector.php:65)
[stacktrace]
#0 C:\\Users\\LENOVO\\OneDrive\\Desktop\\laravel\\new_app\\Expense-Tracker-main\\expt_lvl\\vendor\\laravel\\framework\\src\\Illuminate\\Database\\Connectors\\Connector.php(65): PDO->__construct('mysql:host=127....', 'root', Object(SensitiveParameterValue), Array)
#1 C:\\Users\\LENOVO\\OneDrive\\Desktop\\laravel\\new_app\\Expense-Tracker-main\\expt_lvl\\vendor\\laravel\\framework\\src\\Illuminate\\Database\\Connectors\\Connector.php(44): Illuminate\\Database\\Connectors\\Connector->createPdoConnection('mysql:host=127....', 'root', '', Array)
#2 C:\\Users\\LENOVO\\OneDrive\\Desktop\\laravel\\new_app\\Expense-Tracker-main\\expt_lvl\\vendor\\laravel\\framework\\src\\Illuminate\\Database\\Connectors\\MySqlConnector.php(24): Illuminate\\Database\\Connectors\\Connector->createConnection('mysql:host=127....', Array, Array)
#3 C:\\Users\\LENOVO\\OneDrive\\Desktop\\laravel\\new_app\\Expense-Tracker-main\\expt_lvl\\vendor\\laravel\\framework\\src\\Illuminate\\Database\\Connectors\\ConnectionFactory.php(184): Illuminate\\Database\\Connectors\\MySqlConnector->connect(Array)
#4 [internal function]: Illuminate\\Database\\Connectors\\ConnectionFactory->Illuminate\\Database\\Connectors\\{closure}()
#5 C:\\Users\\LENOVO\\OneDrive\\Desktop\\laravel\\new_app\\Expense-Tracker-main\\expt_lvl\\vendor\\laravel\\framework\\src\\Illuminate\\Database\\Connection.php(1275): call_user_func(Object(Closure))
#6 C:\\Users\\LENOVO\\OneDrive\\Desktop\\laravel\\new_app\\Expense-Tracker-main\\expt_lvl\\vendor\\laravel\\framework\\src\\Illuminate\\Database\\Connection.php(1311): Illuminate\\Database\\Connection->getPdo()
#7 C:\\Users\\LENOVO\\OneDrive\\Desktop\\laravel\\new_app\\Expense-Tracker-main\\expt_lvl\\vendor\\laravel\\framework\\src\\Illuminate\\Database\\Connection.php(521): Illuminate\\Database\\Connection->getReadPdo()
#8 C:\\Users\\LENOVO\\OneDrive\\Desktop\\laravel\\new_app\\Expense-Tracker-main\\expt_lvl\\vendor\\laravel\\framework\\src\\Illuminate\\Database\\Connection.php(416): Illuminate\\Database\\Connection->getPdoForSelect(true)
#9 C:\\Users\\LENOVO\\OneDrive\\Desktop\\laravel\\new_app\\Expense-Tracker-main\\expt_lvl\\vendor\\laravel\\framework\\src\\Illuminate\\Database\\Connection.php(788): Illuminate\\Database\\Connection->Illuminate\\Database\\{closure}('select `id`, `u...', Array)
#10 C:\\Users\\LENOVO\\OneDrive\\Desktop\\laravel\\new_app\\Expense-Tracker-main\\expt_lvl\\vendor\\laravel\\framework\\src\\Illuminate\\Database\\Connection.php(755): Illuminate\\Database\\Connection->runQueryCallback('select `id`, `u...', Array, Object(Closure))
#11 C:\\Users\\LENOVO\\OneDrive\\Desktop\\laravel\\new_app\\Expense-Tracker-main\\expt_lvl\\vendor\\laravel\\framework\\src\\Illuminate\\Database\\Connection.php(407): Illuminate\\Database\\Connection->run('select `id`, `u...', Array, Object(Closure))
#12 C:\\Users\\LENOVO\\OneDrive\\Desktop\\laravel\\new_app\\Expense-Tracker-main\\expt_lvl\\vendor\\laravel\\framework\\src\\Illuminate\\Database\\Query\\Builder.php(2735): Illuminate\\Database\\Connection->select('select `id`, `u...', Array, true)
#13 C:\\Users\\LENOVO\\OneDrive\\Desktop\\laravel\\new_app\\Expense-Tracker-main\\expt_lvl\\vendor\\laravel\\framework\\src\\Illuminate\\Database\\Query\\Builder.php(2724): Illuminate\\Database\\Query\\Builder->runSelect()
#14 C:\\Users\\LENOVO\\OneDrive\\Desktop\\laravel\\new_app\\Expense-Tracker-main\\expt_lvl\\vendor\\laravel\\framework\\src\\Illuminate\\Database\\Query\\Builder.php(3278): Illuminate\\Database\\Query\\Builder->Illuminate\\Database\\Query\\{closure}()
#15 C:\\Users\\LENOVO\\OneDrive\\Desktop\\laravel\\new_app\\Expense-Tracker-main\\expt_lvl\\vendor\\laravel\\framework\\src\\Illuminate\\Database\\Query\\Builder.php(2723): Illuminate\\Database\\Query\\Builder->onceWithColumns(Array, Object(Closure))
#16 C:\\Users\\LENOVO\\OneDrive\\Desktop\\laravel\\new_app\\Expense-Tracker-main\\expt_lvl\\vendor\\laravel\\framework\\src\\Illuminate\\Database\\Eloquent\\Builder.php(717): Illuminate\\Database\\Query\\Builder->get(Array)
#17 C:\\Users\\LENOVO\\OneDrive\\Desktop\\laravel\\new_app\\Expense-Tracker-main\\expt_lvl\\vendor\\laravel\\framework\\src\\Illuminate\\Database\\Eloquent\\Builder.php(701): Illuminate\\Database\\Eloquent\\Builder->getModels(Array)
#18 C:\\Users\\LENOVO\\OneDrive\\Desktop\\laravel\\new_app\\Expense-Tracker-main\\expt_lvl\\vendor\\laravel\\framework\\src\\Illuminate\\Database\\Concerns\\BuildsQueries.php(296): Illuminate\\Database\\Eloquent\\Builder->get(Array)
#19 C:\\Users\\LENOVO\\OneDrive\\Desktop\\laravel\\new_app\\Expense-Tracker-main\\expt_lvl\\app\\Http\\Controllers\\LoginController.php(73): Illuminate\\Database\\Eloquent\\Builder->first()
#20 C:\\Users\\LENOVO\\OneDrive\\Desktop\\laravel\\new_app\\Expense-Tracker-main\\expt_lvl\\app\\Http\\Controllers\\LoginController.php(52): App\\Http\\Controllers\\LoginController->sendRegister(Object(Illuminate\\Http\\Request))
#21 C:\\Users\\LENOVO\\OneDrive\\Desktop\\laravel\\new_app\\Expense-Tracker-main\\expt_lvl\\vendor\\laravel\\framework\\src\\Illuminate\\Routing\\Controller.php(54): App\\Http\\Controllers\\LoginController->loginProcess(Object(Illuminate\\Http\\Request))
#22 C:\\Users\\LENOVO\\OneDrive\\Desktop\\laravel\\new_app\\Expense-Tracker-main\\expt_lvl\\vendor\\laravel\\framework\\src\\Illuminate\\Routing\\ControllerDispatcher.php(43): Illuminate\\Routing\\Controller->callAction('loginProcess', Array)
#23 C:\\Users\\LENOVO\\OneDrive\\Desktop\\laravel\\new_app\\Expense-Tracker-main\\expt_lvl\\vendor\\laravel\\framework\\src\\Illuminate\\Routing\\Route.php(259): Illuminate\\Routing\\ControllerDispatcher->dispatch(Object(Illuminate\\Routing\\Route), Object(App\\Http\\Controllers\\LoginController), 'loginProcess')
#24 C:\\Users\\LENOVO\\OneDrive\\Desktop\\laravel\\new_app\\Expense-Tracker-main\\expt_lvl\\vendor\\laravel\\framework\\src\\Illuminate\\Routing\\Route.php(205): Illuminate\\Routing\\Route->runController()
#25 C:\\Users\\LENOVO\\OneDrive\\Desktop\\laravel\\new_app\\Expense-Tracker-main\\expt_lvl\\vendor\\laravel\\framework\\src\\Illuminate\\Routing\\Router.php(799): Illuminate\\Routing\\Route->run()
#26 C:\\Users\\LENOVO\\OneDrive\\Desktop\\laravel\\new_app\\Expense-Tracker-main\\expt_lvl\\vendor\\laravel\\framework\\src\\Illuminate\\Pipeline\\Pipeline.php(141): Illuminate\\Routing\\Router->Illuminate\\Routing\\{closure}(Object(Illuminate\\Http\\Request))
#27 C:\\Users\\LENOVO\\OneDrive\\Desktop\\laravel\\new_app\\Expense-Tracker-main\\expt_lvl\\vendor\\laravel\\framework\\src\\Illuminate\\Routing\\Middleware\\SubstituteBindings.php(50): Illuminate\\Pipeline\\Pipeline->Illuminate\\Pipeline\\{closure}(Object(Illuminate\\Http\\Request))
#28 C:\\Users\\LENOVO\\OneDrive\\Desktop\\laravel\\new_app\\Expense-Tracker-main\\expt_lvl\\vendor\\laravel\\framework\\src\\Illuminate\\Pipeline\\Pipeline.php(180): Illuminate\\Routing\\Middleware\\SubstituteBindings->handle(Object(Illuminate\\Http\\Request), Object(Closure))
#29 C:\\Users\\LENOVO\\OneDrive\\Desktop\\laravel\\new_app\\Expense-Tracker-main\\expt_lvl\\vendor\\laravel\\framework\\src\\Illuminate\\Foundation\\Http\\Middleware\\VerifyCsrfToken.php(78): Illuminate\\Pipeline\\Pipeline->Illuminate\\Pipeline\\{closure}(Object(Illuminate\\Http\\Request))
#30 C:\\Users\\LENOVO\\OneDrive\\Desktop\\laravel\\new_app\\Expense-Tracker-main\\expt_lvl\\vendor\\laravel\\framework\\src\\Illuminate\\Pipeline\\Pipeline.php(180): Illuminate\\Foundation\\Http\\Middleware\\VerifyCsrfToken->handle(Object(Illuminate\\Http\\Request), Object(Closure))
#31 C:\\Users\\LENOVO\\OneDrive\\Desktop\\laravel\\new_app\\Expense-Tracker-main\\expt_lvl\\vendor\\laravel\\framework\\src\\Illuminate\\View\\Middleware\\ShareErrorsFromSession.php(49): Illuminate\\Pipeline\\Pipeline->Illuminate\\Pipeline\\{closure}(Object(Illuminate\\Http\\Request))
#32 C:\\Users\\LENOVO\\OneDrive\\Desktop\\laravel\\new_app\\Expense-Tracker-main\\expt_lvl\\vendor\\laravel\\framework\\src\\Illuminate\\Pipeline\\Pipeline.php(180): Illuminate\\View\\Middleware\\ShareErrorsFromSession->handle(Object(Illuminate\\Http\\Request), Object(Closure))
#33 C:\\Users\\LENOVO\\OneDrive\\Desktop\\laravel\\new_app\\Expense-Tracker-main\\expt_lvl\\vendor\\laravel\\framework\\src\\Illuminate\\Session\\Middleware\\StartSession.php(121): Illuminate\\Pipeline\\Pipeline->Illuminate\\Pipeline\\{closure}(Object(Illuminate\\Http\\Request))
#34 C:\\Users\\LENOVO\\OneDrive\\Desktop\\laravel\\new_app\\Expense-Tracker-main\\expt_lvl\\vendor\\laravel\\framework\\src\\Illuminate\\Session\\Middleware\\StartSession.php(64): Illuminate\\Session\\Middleware\\StartSession->handleStatefulRequest(Object(Illuminate\\Http\\Request), Object(Illuminate\\Session\\Store), Object(Closure))
#35 C:\\Users\\LENOVO\\OneDrive\\Desktop\\laravel\\new_app\\Expense-Tracker-main\\expt_lvl\\vendor\\laravel\\framework\\src\\Illuminate\\Pipeline\\Pipeline.php(180): Illuminate\\Session\\Middleware\\StartSession->handle(Object(Illuminate\\Http\\Request), Object(Closure))
#36 C:\\Users\\LENOVO\\OneDrive\\Desktop\\laravel\\new_app\\Expense-Tracker-main\\expt_lvl\\vendor\\laravel\\framework\\src\\Illuminate\\Cookie\\Middleware\\AddQueuedCookiesToResponse.php(37): Illuminate\\Pipeline\\Pipeline->Illuminate\\Pipeline\\{closure}(Object(Illuminate\\Http\\Request))
#37 C:\\Users\\LENOVO\\OneDrive\\Desktop\\laravel\\new_app\\Expense-Tracker-main\\expt_lvl\\vendor\\laravel\\framework\\src\\Illuminate\\Pipeline\\Pipeline.php(180): Illuminate\\Cookie\\Middleware\\AddQueuedCookiesToResponse->handle(Object(Illuminate\\Http\\Request), Object(Closure))
#38 C:\\Users\\LENOVO\\OneDrive\\Desktop\\laravel\\new_app\\Expense-Tracker-main\\expt_lvl\\vendor\\laravel\\framework\\src\\Illuminate\\Cookie\\Middleware\\EncryptCookies.php(67): Illuminate\\Pipeline\\Pipeline->Illuminate\\Pipeline\\{closure}(Object(Illuminate\\Http\\Request))
#39 C:\\Users\\LENOVO\\OneDrive\\Desktop\\laravel\\new_app\\Expense-Tracker-main\\expt_lvl\\vendor\\laravel\\framework\\src\\Illuminate\\Pipeline\\Pipeline.php(180): Illuminate\\Cookie\\Middleware\\EncryptCookies->handle(Object(Illuminate\\Http\\Request), Object(Closure))
#40 C:\\Users\\LENOVO\\OneDrive\\Desktop\\laravel\\new_app\\Expense-Tracker-main\\expt_lvl\\vendor\\laravel\\framework\\src\\Illuminate\\Pipeline\\Pipeline.php(116): Illuminate\\Pipeline\\Pipeline->Illuminate\\Pipeline\\{closure}(Object(Illuminate\\Http\\Request))
#41 C:\\Users\\LENOVO\\OneDrive\\Desktop\\laravel\\new_app\\Expense-Tracker-main\\expt_lvl\\vendor\\laravel\\framework\\src\\Illuminate\\Routing\\Router.php(798): Illuminate\\Pipeline\\Pipeline->then(Object(Closure))
#42 C:\\Users\\LENOVO\\OneDrive\\Desktop\\laravel\\new_app\\Expense-Tracker-main\\expt_lvl\\vendor\\laravel\\framework\\src\\Illuminate\\Routing\\Router.php(777): Illuminate\\Routing\\Router->runRouteWithinStack(Object(Illuminate\\Routing\\Route), Object(Illuminate\\Http\\Request))
#43 C:\\Users\\LENOVO\\OneDrive\\Desktop\\laravel\\new_app\\Expense-Tracker-main\\expt_lvl\\vendor\\laravel\\framework\\src\\Illuminate\\Routing\\Router.php(741): Illuminate\\Routing\\Router->runRoute(Object(Illuminate\\Http\\Request), Object(Illuminate\\Routing\\Route))
#44 C:\\Users\\LENOVO\\OneDrive\\Desktop\\laravel\\new_app\\Expense-Tracker-main\\expt_lvl\\vendor\\laravel\\framework\\src\\Illuminate\\Routing\\Router.php(730): Illuminate\\Routing\\Router->dispatchToRoute(Object(Illuminate\\Http\\Request))
#45 C:\\Users\\LENOVO\\OneDrive\\Desktop\\laravel\\new_app\\Expense-Tracker-main\\expt_lvl\\vendor\\laravel\\framework\\src\\Illuminate\\Foundation\\Http\\Kernel.php(200): Illuminate\\Routing\\Router->dispatch(Object(Illuminate\\Http\\Request))
#46 C:\\Users\\LENOVO\\OneDrive\\Desktop\\laravel\\new_app\\Expense-Tracker-main\\expt_lvl\\vendor\\laravel\\framework\\src\\Illuminate\\Pipeline\\Pipeline.php(141): Illuminate\\Foundation\\Http\\Kernel->Illuminate\\Foundation\\Http\\{closure}(Object(Illuminate\\Http\\Request))
#47 C:\\Users\\LENOVO\\OneDrive\\Desktop\\laravel\\new_app\\Expense-Tracker-main\\expt_lvl\\vendor\\laravel\\framework\\src\\Illuminate\\Foundation\\Http\\Middleware\\TransformsRequest.php(21): Illuminate\\Pipeline\\Pipeline->Illuminate\\Pipeline\\{closure}(Object(Illuminate\\Http\\Request))
#48 C:\\Users\\LENOVO\\OneDrive\\Desktop\\laravel\\new_app\\Expense-Tracker-main\\expt_lvl\\vendor\\laravel\\framework\\src\\Illuminate\\Foundation\\Http\\Middleware\\ConvertEmptyStringsToNull.php(31): Illuminate\\Foundation\\Http\\Middleware\\TransformsRequest->handle(Object(Illuminate\\Http\\Request), Object(Closure))
#49 C:\\Users\\LENOVO\\OneDrive\\Desktop\\laravel\\new_app\\Expense-Tracker-main\\expt_lvl\\vendor\\laravel\\framework\\src\\Illuminate\\Pipeline\\Pipeline.php(180): Illuminate\\Foundation\\Http\\Middleware\\ConvertEmptyStringsToNull->handle(Object(Illuminate\\Http\\Request), Object(Closure))
#50 C:\\Users\\LENOVO\\OneDrive\\Desktop\\laravel\\new_app\\Expense-Tracker-main\\expt_lvl\\vendor\\laravel\\framework\\src\\Illuminate\\Foundation\\Http\\Middleware\\TransformsRequest.php(21): Illuminate\\Pipeline\\Pipeline->Illuminate\\Pipeline\\{closure}(Object(Illuminate\\Http\\Request))
#51 C:\\Users\\LENOVO\\OneDrive\\Desktop\\laravel\\new_app\\Expense-Tracker-main\\expt_lvl\\vendor\\laravel\\framework\\src\\Illuminate\\Foundation\\Http\\Middleware\\TrimStrings.php(40): Illuminate\\Foundation\\Http\\Middleware\\TransformsRequest->handle(Object(Illuminate\\Http\\Request), Object(Closure))
#52 C:\\Users\\LENOVO\\OneDrive\\Desktop\\laravel\\new_app\\Expense-Tracker-main\\expt_lvl\\vendor\\laravel\\framework\\src\\Illuminate\\Pipeline\\Pipeline.php(180): Illuminate\\Foundation\\Http\\Middleware\\TrimStrings->handle(Object(Illuminate\\Http\\Request), Object(Closure))
#53 C:\\Users\\LENOVO\\OneDrive\\Desktop\\laravel\\new_app\\Expense-Tracker-main\\expt_lvl\\vendor\\laravel\\framework\\src\\Illuminate\\Foundation\\Http\\Middleware\\ValidatePostSize.php(27): Illuminate\\Pipeline\\Pipeline->Illuminate\\Pipeline\\{closure}(Object(Illuminate\\Http\\Request))
#54 C:\\Users\\LENOVO\\OneDrive\\Desktop\\laravel\\new_app\\Expense-Tracker-main\\expt_lvl\\vendor\\laravel\\framework\\src\\Illuminate\\Pipeline\\Pipeline.php(180): Illuminate\\Foundation\\Http\\Middleware\\ValidatePostSize->handle(Object(Illuminate\\Http\\Request), Object(Closure))
#55 C:\\Users\\LENOVO\\OneDrive\\Desktop\\laravel\\new_app\\Expense-Tracker-main\\expt_lvl\\vendor\\laravel\\framework\\src\\Illuminate\\Foundation\\Http\\Middleware\\PreventRequestsDuringMaintenance.php(86): Illuminate\\Pipeline\\Pipeline->Illuminate\\Pipeline\\{closure}(Object(Illuminate\\Http\\Request))
#56 C:\\Users\\LENOVO\\OneDrive\\Desktop\\laravel\\new_app\\Expense-Tracker-main\\expt_lvl\\vendor\\laravel\\framework\\src\\Illuminate\\Pipeline\\Pipeline.php(180): Illuminate\\Foundation\\Http\\Middleware\\PreventRequestsDuringMaintenance->handle(Object(Illuminate\\Http\\Request), Object(Closure))
#57 C:\\Users\\LENOVO\\OneDrive\\Desktop\\laravel\\new_app\\Expense-Tracker-main\\expt_lvl\\vendor\\laravel\\framework\\src\\Illuminate\\Http\\Middleware\\HandleCors.php(49): Illuminate\\Pipeline\\Pipeline->Illuminate\\Pipeline\\{closure}(Object(Illuminate\\Http\\Request))
#58 C:\\Users\\LENOVO\\OneDrive\\Desktop\\laravel\\new_app\\Expense-Tracker-main\\expt_lvl\\vendor\\laravel\\framework\\src\\Illuminate\\Pipeline\\Pipeline.php(180): Illuminate\\Http\\Middleware\\HandleCors->handle(Object(Illuminate\\Http\\Request), Object(Closure))
#59 C:\\Users\\LENOVO\\OneDrive\\Desktop\\laravel\\new_app\\Expense-Tracker-main\\expt_lvl\\vendor\\laravel\\framework\\src\\Illuminate\\Http\\Middleware\\TrustProxies.php(39): Illuminate\\Pipeline\\Pipeline->Illuminate\\Pipeline\\{closure}(Object(Illuminate\\Http\\Request))
#60 C:\\Users\\LENOVO\\OneDrive\\Desktop\\laravel\\new_app\\Expense-Tracker-main\\expt_lvl\\vendor\\laravel\\framework\\src\\Illuminate\\Pipeline\\Pipeline.php(180): Illuminate\\Http\\Middleware\\TrustProxies->handle(Object(Illuminate\\Http\\Request), Object(Closure))
#61 C:\\Users\\LENOVO\\OneDrive\\Desktop\\laravel\\new_app\\Expense-Tracker-main\\expt_lvl\\vendor\\laravel\\framework\\src\\Illuminate\\Pipeline\\Pipeline.php(116): Illuminate\\Pipeline\\Pipeline->Illuminate\\Pipeline\\{closure}(Object(Illuminate\\Http\\Request))
#62 C:\\Users\\LENOVO\\OneDrive\\Desktop\\laravel\\new_app\\Expense-Tracker-main\\expt_lvl\\vendor\\laravel\\framework\\src\\Illuminate\\Foundation\\Http\\Kernel.php(175): Illuminate\\Pipeline\\Pipeline->then(Object(Closure))
#63 C:\\Users\\LENOVO\\OneDrive\\Desktop\\laravel\\new_app\\Expense-Tracker-main\\expt_lvl\\vendor\\laravel\\framework\\src\\Illuminate\\Foundation\\Http\\Kernel.php(144): Illuminate\\Foundation\\Http\\Kernel->sendRequestThroughRouter(Object(Illuminate\\Http\\Request))
#64 C:\\Users\\LENOVO\\OneDrive\\Desktop\\laravel\\new_app\\Expense-Tracker-main\\expt_lvl\\public\\index.php(51): Illuminate\\Foundation\\Http\\Kernel->handle(Object(Illuminate\\Http\\Request))
#65 C:\\Users\\LENOVO\\OneDrive\\Desktop\\laravel\\new_app\\Expense-Tracker-main\\expt_lvl\\vendor\\laravel\\framework\\src\\Illuminate\\Foundation\\resources\\server.php(16): require_once('C:\\\\Users\\\\LENOVO...')
#66 {main}
"} 
